# JRE version: 7.0_06-b24
# Java VM: Java HotSpot(TM) Client VM (23.2-b09 mixed mode, sharing windows-x86 )
Heap
 def new generation   total 4928K, used 512K [0x22c60000, 0x231b0000, 0x25700000)
  eden space 4416K,   0% used [0x22c60000, 0x22c60000, 0x230b0000)
  from space 512K, 100% used [0x230b0000, 0x23130000, 0x23130000)
  to   space 512K,   0% used [0x23130000, 0x23130000, 0x231b0000)
 tenured generation   total 11580K, used 11509K [0x25700000, 0x2624f000, 0x2ac60000)
   the space 11580K,  99% used [0x25700000, 0x2623d410, 0x260db200, 0x2624f000)
 compacting perm gen  total 12288K, used 8525K [0x2ac60000, 0x2b860000, 0x2ec60000)
   the space 12288K,  69% used [0x2ac60000, 0x2b4b3568, 0x2b4b3600, 0x2b860000)
    ro space 10240K,  42% used [0x2ec60000, 0x2f09f4a0, 0x2f09f600, 0x2f660000)
    rw space 12288K,  54% used [0x2f660000, 0x2fcdfc80, 0x2fcdfe00, 0x30260000)
GC Heap History (10 events):
Event: 38.029 GC heap after
Heap after GC invocations=17 (full 1):
 def new generation   total 3648K, used 384K [0x22c60000, 0x23050000, 0x25700000)
  eden space 3264K,   0% used [0x22c60000, 0x22c60000, 0x22f90000)
  from space 384K, 100% used [0x22ff0000, 0x23050000, 0x23050000)
  to   space 384K,   0% used [0x22f90000, 0x22f90000, 0x22ff0000)
 tenured generation   total 7952K, used 7802K [0x25700000, 0x25ec4000, 0x2ac60000)
   the space 7952K,  98% used [0x25700000, 0x25e9e9c8, 0x25e9ea00, 0x25ec4000)
 compacting perm gen  total 12288K, used 6864K [0x2ac60000, 0x2b860000, 0x2ec60000)
   the space 12288K,  55% used [0x2ac60000, 0x2b314260, 0x2b314400, 0x2b860000)
    ro space 10240K,  42% used [0x2ec60000, 0x2f09f4a0, 0x2f09f600, 0x2f660000)
    rw space 12288K,  54% used [0x2f660000, 0x2fcdfc80, 0x2fcdfe00, 0x30260000)
}
Event: 38.468 GC heap before
{Heap before GC invocations=17 (full 1):
 def new generation   total 3648K, used 3648K [0x22c60000, 0x23050000, 0x25700000)
  eden space 3264K, 100% used [0x22c60000, 0x22f90000, 0x22f90000)
  from space 384K, 100% used [0x22ff0000, 0x23050000, 0x23050000)
  to   space 384K,   0% used [0x22f90000, 0x22f90000, 0x22ff0000)
 tenured generation   total 7952K, used 7802K [0x25700000, 0x25ec4000, 0x2ac60000)
   the space 7952K,  98% used [0x25700000, 0x25e9e9c8, 0x25e9ea00, 0x25ec4000)
 compacting perm gen  total 12288K, used 7498K [0x2ac60000, 0x2b860000, 0x2ec60000)
   the space 12288K,  61% used [0x2ac60000, 0x2b3b28a0, 0x2b3b2a00, 0x2b860000)
    ro space 10240K,  42% used [0x2ec60000, 0x2f09f4a0, 0x2f09f600, 0x2f660000)
    rw space 12288K,  54% used [0x2f660000, 0x2fcdfc80, 0x2fcdfe00, 0x30260000)
Event: 38.633 GC heap after
Heap after GC invocations=18 (full 2):
 def new generation   total 4928K, used 0K [0x22c60000, 0x231b0000, 0x25700000)
  eden space 4416K,   0% used [0x22c60000, 0x22c60000, 0x230b0000)
  from space 512K,   0% used [0x230b0000, 0x230b0000, 0x23130000)
  to   space 512K,   0% used [0x23130000, 0x23130000, 0x231b0000)
 tenured generation   total 10812K, used 6485K [0x25700000, 0x2618f000, 0x2ac60000)
   the space 10812K,  59% used [0x25700000, 0x25d55708, 0x25d55800, 0x2618f000)
 compacting perm gen  total 12288K, used 7498K [0x2ac60000, 0x2b860000, 0x2ec60000)
   the space 12288K,  61% used [0x2ac60000, 0x2b3b28a0, 0x2b3b2a00, 0x2b860000)
    ro space 10240K,  42% used [0x2ec60000, 0x2f09f4a0, 0x2f09f600, 0x2f660000)
    rw space 12288K,  54% used [0x2f660000, 0x2fcdfc80, 0x2fcdfe00, 0x30260000)
}
Event: 39.489 GC heap before
{Heap before GC invocations=18 (full 2):
 def new generation   total 4928K, used 4416K [0x22c60000, 0x231b0000, 0x25700000)
  eden space 4416K, 100% used [0x22c60000, 0x230b0000, 0x230b0000)
  from space 512K,   0% used [0x230b0000, 0x230b0000, 0x23130000)
  to   space 512K,   0% used [0x23130000, 0x23130000, 0x231b0000)
 tenured generation   total 10812K, used 6485K [0x25700000, 0x2618f000, 0x2ac60000)
   the space 10812K,  59% used [0x25700000, 0x25d55708, 0x25d55800, 0x2618f000)
 compacting perm gen  total 12288K, used 7806K [0x2ac60000, 0x2b860000, 0x2ec60000)
   the space 12288K,  63% used [0x2ac60000, 0x2b3ffb78, 0x2b3ffc00, 0x2b860000)
    ro space 10240K,  42% used [0x2ec60000, 0x2f09f4a0, 0x2f09f600, 0x2f660000)
    rw space 12288K,  54% used [0x2f660000, 0x2fcdfc80, 0x2fcdfe00, 0x30260000)
Event: 39.499 GC heap after
Heap after GC invocations=19 (full 2):
 def new generation   total 4928K, used 512K [0x22c60000, 0x231b0000, 0x25700000)
  eden space 4416K,   0% used [0x22c60000, 0x22c60000, 0x230b0000)
  from space 512K, 100% used [0x23130000, 0x231b0000, 0x231b0000)
  to   space 512K,   0% used [0x230b0000, 0x230b0000, 0x23130000)
 tenured generation   total 10812K, used 6958K [0x25700000, 0x2618f000, 0x2ac60000)
   the space 10812K,  64% used [0x25700000, 0x25dcb9e0, 0x25dcba00, 0x2618f000)
 compacting perm gen  total 12288K, used 7806K [0x2ac60000, 0x2b860000, 0x2ec60000)
   the space 12288K,  63% used [0x2ac60000, 0x2b3ffb78, 0x2b3ffc00, 0x2b860000)
    ro space 10240K,  42% used [0x2ec60000, 0x2f09f4a0, 0x2f09f600, 0x2f660000)
    rw space 12288K,  54% used [0x2f660000, 0x2fcdfc80, 0x2fcdfe00, 0x30260000)
}
Event: 40.835 GC heap before
{Heap before GC invocations=19 (full 2):
 def new generation   total 4928K, used 4928K [0x22c60000, 0x231b0000, 0x25700000)
  eden space 4416K, 100% used [0x22c60000, 0x230b0000, 0x230b0000)
  from space 512K, 100% used [0x23130000, 0x231b0000, 0x231b0000)
  to   space 512K,   0% used [0x230b0000, 0x230b0000, 0x23130000)
 tenured generation   total 10812K, used 6958K [0x25700000, 0x2618f000, 0x2ac60000)
   the space 10812K,  64% used [0x25700000, 0x25dcb9e0, 0x25dcba00, 0x2618f000)
 compacting perm gen  total 12288K, used 8238K [0x2ac60000, 0x2b860000, 0x2ec60000)
   the space 12288K,  67% used [0x2ac60000, 0x2b46bbd8, 0x2b46bc00, 0x2b860000)
    ro space 10240K,  42% used [0x2ec60000, 0x2f09f4a0, 0x2f09f600, 0x2f660000)
    rw space 12288K,  54% used [0x2f660000, 0x2fcdfc80, 0x2fcdfe00, 0x30260000)
Event: 40.853 GC heap after
Heap after GC invocations=20 (full 2):
 def new generation   total 4928K, used 512K [0x22c60000, 0x231b0000, 0x25700000)
  eden space 4416K,   0% used [0x22c60000, 0x22c60000, 0x230b0000)
  from space 512K, 100% used [0x230b0000, 0x23130000, 0x23130000)
  to   space 512K,   0% used [0x23130000, 0x23130000, 0x231b0000)
 tenured generation   total 10812K, used 8275K [0x25700000, 0x2618f000, 0x2ac60000)
   the space 10812K,  76% used [0x25700000, 0x25f14c90, 0x25f14e00, 0x2618f000)
 compacting perm gen  total 12288K, used 8238K [0x2ac60000, 0x2b860000, 0x2ec60000)
   the space 12288K,  67% used [0x2ac60000, 0x2b46bbd8, 0x2b46bc00, 0x2b860000)
    ro space 10240K,  42% used [0x2ec60000, 0x2f09f4a0, 0x2f09f600, 0x2f660000)
    rw space 12288K,  54% used [0x2f660000, 0x2fcdfc80, 0x2fcdfe00, 0x30260000)
}
Event: 41.374 GC heap before
{Heap before GC invocations=20 (full 2):
 def new generation   total 4928K, used 4928K [0x22c60000, 0x231b0000, 0x25700000)
  eden space 4416K, 100% used [0x22c60000, 0x230b0000, 0x230b0000)
  from space 512K, 100% used [0x230b0000, 0x23130000, 0x23130000)
  to   space 512K,   0% used [0x23130000, 0x23130000, 0x231b0000)
 tenured generation   total 10812K, used 8275K [0x25700000, 0x2618f000, 0x2ac60000)
   the space 10812K,  76% used [0x25700000, 0x25f14c90, 0x25f14e00, 0x2618f000)
 compacting perm gen  total 12288K, used 8412K [0x2ac60000, 0x2b860000, 0x2ec60000)
   the space 12288K,  68% used [0x2ac60000, 0x2b497048, 0x2b497200, 0x2b860000)
    ro space 10240K,  42% used [0x2ec60000, 0x2f09f4a0, 0x2f09f600, 0x2f660000)
    rw space 12288K,  54% used [0x2f660000, 0x2fcdfc80, 0x2fcdfe00, 0x30260000)
Event: 41.397 GC heap after
Heap after GC invocations=21 (full 2):
 def new generation   total 4928K, used 512K [0x22c60000, 0x231b0000, 0x25700000)
  eden space 4416K,   0% used [0x22c60000, 0x22c60000, 0x230b0000)
  from space 512K, 100% used [0x23130000, 0x231b0000, 0x231b0000)
  to   space 512K,   0% used [0x230b0000, 0x230b0000, 0x23130000)
 tenured generation   total 10812K, used 9756K [0x25700000, 0x2618f000, 0x2ac60000)
   the space 10812K,  90% used [0x25700000, 0x260872c8, 0x26087400, 0x2618f000)
 compacting perm gen  total 12288K, used 8412K [0x2ac60000, 0x2b860000, 0x2ec60000)
   the space 12288K,  68% used [0x2ac60000, 0x2b497048, 0x2b497200, 0x2b860000)
    ro space 10240K,  42% used [0x2ec60000, 0x2f09f4a0, 0x2f09f600, 0x2f660000)
    rw space 12288K,  54% used [0x2f660000, 0x2fcdfc80, 0x2fcdfe00, 0x30260000)
}
Event: 41.814 GC heap before
{Heap before GC invocations=21 (full 2):
 def new generation   total 4928K, used 4928K [0x22c60000, 0x231b0000, 0x25700000)
  eden space 4416K, 100% used [0x22c60000, 0x230b0000, 0x230b0000)
  from space 512K, 100% used [0x23130000, 0x231b0000, 0x231b0000)
  to   space 512K,   0% used [0x230b0000, 0x230b0000, 0x23130000)
 tenured generation   total 10812K, used 9756K [0x25700000, 0x2618f000, 0x2ac60000)
   the space 10812K,  90% used [0x25700000, 0x260872c8, 0x26087400, 0x2618f000)
 compacting perm gen  total 12288K, used 8525K [0x2ac60000, 0x2b860000, 0x2ec60000)
   the space 12288K,  69% used [0x2ac60000, 0x2b4b3568, 0x2b4b3600, 0x2b860000)
    ro space 10240K,  42% used [0x2ec60000, 0x2f09f4a0, 0x2f09f600, 0x2f660000)
    rw space 12288K,  54% used [0x2f660000, 0x2fcdfc80, 0x2fcdfe00, 0x30260000)

